<?xml version="1.0" encoding="UTF-8"?>
<testng-results ignored="0" total="1" passed="1" failed="0" skipped="0">
  <reporter-output>
  </reporter-output>
  <suite started-at="2022-06-10T16:45:53 IST" name="Default suite" finished-at="2022-06-10T16:46:05 IST" duration-ms="11620">
    <groups>
    </groups>
    <test started-at="2022-06-10T16:45:53 IST" name="Default test" finished-at="2022-06-10T16:46:05 IST" duration-ms="11620">
      <class name="pagefactorylogin.SignupTest">
        <test-method is-config="true" signature="openbrowser()[pri:0, instance:pagefactorylogin.SignupTest@f5acb9d]" started-at="2022-06-10T16:45:53 IST" name="openbrowser" finished-at="2022-06-10T16:45:56 IST" duration-ms="2556" status="PASS">
          <reporter-output>
          </reporter-output>
        </test-method> <!-- openbrowser -->
        <test-method signature="SignupTest()[pri:0, instance:pagefactorylogin.SignupTest@f5acb9d]" started-at="2022-06-10T16:45:56 IST" name="SignupTest" finished-at="2022-06-10T16:46:05 IST" duration-ms="9040" status="PASS">
          <reporter-output>
          </reporter-output>
        </test-method> <!-- SignupTest -->
      </class> <!-- pagefactorylogin.SignupTest -->
    </test> <!-- Default test -->
  </suite> <!-- Default suite -->
</testng-results>
