<?xml version="1.0" encoding="UTF-8"?>
<testng-results ignored="0" total="1" passed="1" failed="0" skipped="0">
  <reporter-output>
  </reporter-output>
  <suite started-at="2022-06-05T23:05:22 IST" name="Default suite" finished-at="2022-06-05T23:05:25 IST" duration-ms="2086">
    <groups>
    </groups>
    <test started-at="2022-06-05T23:05:22 IST" name="Default test" finished-at="2022-06-05T23:05:25 IST" duration-ms="2086">
      <class name="BookStore.AddNewUser">
        <test-method signature="f()[pri:0, instance:BookStore.AddNewUser@49dc7102]" started-at="2022-06-05T23:05:22 IST" name="f" finished-at="2022-06-05T23:05:25 IST" duration-ms="2056" status="PASS">
          <reporter-output>
          </reporter-output>
        </test-method> <!-- f -->
      </class> <!-- BookStore.AddNewUser -->
    </test> <!-- Default test -->
  </suite> <!-- Default suite -->
</testng-results>
